{"/Users/lachlan/javascript/express/multer-tutorial/src/shared/routes.js": {"path":"/Users/lachlan/javascript/express/multer-tutorial/src/shared/routes.js","statementMap":{"0":{"start":{"line":1,"column":35},"end":{"line":1,"column":73}},"1":{"start":{"line":1,"column":57},"end":{"line":1,"column":73}}},"fnMap":{"0":{"name":"(anonymous_0)","decl":{"start":{"line":1,"column":35},"end":{"line":1,"column":36}},"loc":{"start":{"line":1,"column":57},"end":{"line":1,"column":73}},"line":1}},"branchMap":{},"s":{"0":1,"1":1},"f":{"0":1},"b":{},"_coverageSchema":"332fd63041d2c1bcb487cc26dd0d5f7d97098a6c","hash":"6ac0aa8a117d93e68ace87e697273d98755502cf"}
}
